0 info it worked if it ends with ok
1 verbose cli [ 'D:\\softwares\\nodejs\\node.exe',
1 verbose cli   'D:\\softwares\\nodejs\\node_modules\\npm\\bin\\npm-cli.js',
1 verbose cli   'start' ]
2 info using npm@3.10.8
3 info using node@v6.9.1
4 verbose run-script [ 'prestart', 'start', 'poststart' ]
5 info lifecycle nodejs-express-mongo-tutorial@1.0.0~prestart: nodejs-express-mongo-tutorial@1.0.0
6 silly lifecycle nodejs-express-mongo-tutorial@1.0.0~prestart: no script for prestart, continuing
7 info lifecycle nodejs-express-mongo-tutorial@1.0.0~start: nodejs-express-mongo-tutorial@1.0.0
8 verbose lifecycle nodejs-express-mongo-tutorial@1.0.0~start: unsafe-perm in lifecycle true
9 verbose lifecycle nodejs-express-mongo-tutorial@1.0.0~start: PATH: D:\softwares\nodejs\node_modules\npm\bin\node-gyp-bin;D:\workspace\nodejs-express-mongo-tutorial\node_modules\.bin;C:\Users\ikbhal\bin;C:\Program Files\Git\mingw64\bin;C:\Program Files\Git\usr\local\bin;C:\Program Files\Git\usr\bin;C:\Program Files\Git\usr\bin;C:\Program Files\Git\mingw64\bin;C:\Program Files\Git\usr\bin;C:\Users\ikbhal\bin;C:\ProgramData\Oracle\Java\javapath;F:\softwares\apache maven\apache-maven-3.3.9-bin\apache-maven-3.3.9\bin;D:\programfiles\java\jdk1.8.0_102\bin;C:\Program Files\Java\jdk1.7.0_45\bin;G:\ProgramFiles\Python34;C:\Program Files\MongoDB 2.6 Standard\bin;C:\Program Files (x86)\nodejs;C:\Program Files\Java\jdk1.7.0_45\bin;C:\Program Files\nodejs\C;C:\Program Files\Git\Python27;C:\Program Files\Microsoft\Web Platform Installer;G:\ProgramFiles\Heroku\bin;C:\Program Files (x86)\git\cmd;C:\Program Files\Microsoft SQL Server\110\Tools\Binn;D:\Go\bin;D:\softwares\nodejs;C:\Program Files\Git\cmd;C:\Program Files (x86)\Skype\Phone;D:\programfiles\xampp\php;C:\ProgramData\ComposerSetup\bin;D:\Python\Python35-32;D:\Go\bin;D:\software_crossover\mysql-5.7.14-winx64\mysql-5.7.14-winx64\bin;F:\softwares\apache maven\apache-maven-3.3.9-bin\apache-maven-3.3.9\bin;D:\programfiles\java\jdk1.8.0_102\bin;C:\Users\ikbhal\AppData\Roaming\npm;C:\Users\ikbhal\AppData\Local\.meteor;C:\Users\ikbhal\AppData\Roaming\Composer\vendor\bin;C:\Users\ikbhal\AppData\Local\GitHubDesktop\bin;C:\Program Files\Git\usr\bin\vendor_perl;C:\Program Files\Git\usr\bin\core_perl
10 verbose lifecycle nodejs-express-mongo-tutorial@1.0.0~start: CWD: D:\workspace\nodejs-express-mongo-tutorial
11 silly lifecycle nodejs-express-mongo-tutorial@1.0.0~start: Args: [ '/d /s /c', 'nodemon app.js' ]
12 silly lifecycle nodejs-express-mongo-tutorial@1.0.0~start: Returned: code: 1  signal: null
13 info lifecycle nodejs-express-mongo-tutorial@1.0.0~start: Failed to exec start script
14 verbose stack Error: nodejs-express-mongo-tutorial@1.0.0 start: `nodemon app.js`
14 verbose stack Exit status 1
14 verbose stack     at EventEmitter.<anonymous> (D:\softwares\nodejs\node_modules\npm\lib\utils\lifecycle.js:255:16)
14 verbose stack     at emitTwo (events.js:106:13)
14 verbose stack     at EventEmitter.emit (events.js:191:7)
14 verbose stack     at ChildProcess.<anonymous> (D:\softwares\nodejs\node_modules\npm\lib\utils\spawn.js:40:14)
14 verbose stack     at emitTwo (events.js:106:13)
14 verbose stack     at ChildProcess.emit (events.js:191:7)
14 verbose stack     at maybeClose (internal/child_process.js:877:16)
14 verbose stack     at Process.ChildProcess._handle.onexit (internal/child_process.js:226:5)
15 verbose pkgid nodejs-express-mongo-tutorial@1.0.0
16 verbose cwd D:\workspace\nodejs-express-mongo-tutorial
17 error Windows_NT 6.2.9200
18 error argv "D:\\softwares\\nodejs\\node.exe" "D:\\softwares\\nodejs\\node_modules\\npm\\bin\\npm-cli.js" "start"
19 error node v6.9.1
20 error npm  v3.10.8
21 error code ELIFECYCLE
22 error nodejs-express-mongo-tutorial@1.0.0 start: `nodemon app.js`
22 error Exit status 1
23 error Failed at the nodejs-express-mongo-tutorial@1.0.0 start script 'nodemon app.js'.
23 error Make sure you have the latest version of node.js and npm installed.
23 error If you do, this is most likely a problem with the nodejs-express-mongo-tutorial package,
23 error not with npm itself.
23 error Tell the author that this fails on your system:
23 error     nodemon app.js
23 error You can get information on how to open an issue for this project with:
23 error     npm bugs nodejs-express-mongo-tutorial
23 error Or if that isn't available, you can get their info via:
23 error     npm owner ls nodejs-express-mongo-tutorial
23 error There is likely additional logging output above.
24 verbose exit [ 1, true ]
